<?xml version="1.0" encoding="UTF-8"?>
<!-- Generated by org.testng.reporters.JUnitXMLReporter -->
<testsuite ignored="0" hostname="DESKTOP-45NETQ3" failures="1" tests="4" name="UserAccess" time="162.846" errors="0" timestamp="24 нояб. 2022 07:08:33 GMT">
  <testcase classname="com.epam.ta.test.LogoСlickabilityTests" name="Logofifth" time="20.716"/>
  <testcase classname="com.epam.ta.test.LogoСlickabilityTests" name="Logofirst" time="24.445"/>
  <testcase classname="com.epam.ta.test.LogoСlickabilityTests" name="Logofourth" time="2.933">
    <failure type="org.openqa.selenium.ElementClickInterceptedException" message="element click intercepted: Element &amp;lt;a aria-label=&amp;quot;Tesla Logo&amp;quot; class=&amp;quot;tds-site-logo-link&amp;quot; href=&amp;quot;https://www.tesla.com/?redirect=no&amp;quot;&amp;gt;...&amp;lt;/a&amp;gt; is not clickable at point (92, 28). Other element would receive the click: &amp;lt;div id=&amp;quot;spinner-modal&amp;quot; class=&amp;quot;tds-loader tds-loader--show&amp;quot; role=&amp;quot;alert&amp;quot; aria-busy=&amp;quot;false&amp;quot; aria-hidden=&amp;quot;false&amp;quot; aria-label=&amp;quot;Loading&amp;quot; aria-live=&amp;quot;polite&amp;quot; style=&amp;quot;position: absolute&amp;quot;&amp;gt;...&amp;lt;/div&amp;gt;
  (Session info: chrome=107.0.5304.107)
Build info: version: &amp;apos;3.141.0&amp;apos;, revision: &amp;apos;2ecb7d9a&amp;apos;, time: &amp;apos;2018-10-31T20:09:30&amp;apos;
System info: host: &amp;apos;DESKTOP-45NETQ3&amp;apos;, ip: &amp;apos;192.168.85.1&amp;apos;, os.name: &amp;apos;Windows 10&amp;apos;, os.arch: &amp;apos;amd64&amp;apos;, os.version: &amp;apos;10.0&amp;apos;, java.version: &amp;apos;17.0.2&amp;apos;
Driver info: org.openqa.selenium.chrome.ChromeDriver
Capabilities {acceptInsecureCerts: false, browserName: chrome, browserVersion: 107.0.5304.107, chrome: {chromedriverVersion: 107.0.5304.62 (1eec40d3a576..., userDataDir: C:\Users\thesi\AppData\Loca...}, goog:chromeOptions: {debuggerAddress: localhost:60706}, javascriptEnabled: true, networkConnectionEnabled: false, pageLoadStrategy: normal, platform: WINDOWS, platformName: WINDOWS, proxy: Proxy(), setWindowRect: true, strictFileInteractability: false, timeouts: {implicit: 0, pageLoad: 300000, script: 30000}, unhandledPromptBehavior: dismiss and notify, webauthn:extension:credBlob: true, webauthn:extension:largeBlob: true, webauthn:virtualAuthenticators: true}
Session ID: 982123b0406dde174c95a3969646388c">
      <![CDATA[org.openqa.selenium.ElementClickInterceptedException: element click intercepted: Element <a aria-label="Tesla Logo" class="tds-site-logo-link" href="https://www.tesla.com/?redirect=no">...</a> is not clickable at point (92, 28). Other element would receive the click: <div id="spinner-modal" class="tds-loader tds-loader--show" role="alert" aria-busy="false" aria-hidden="false" aria-label="Loading" aria-live="polite" style="position: absolute">...</div>
  (Session info: chrome=107.0.5304.107)
Build info: version: '3.141.0', revision: '2ecb7d9a', time: '2018-10-31T20:09:30'
System info: host: 'DESKTOP-45NETQ3', ip: '192.168.85.1', os.name: 'Windows 10', os.arch: 'amd64', os.version: '10.0', java.version: '17.0.2'
Driver info: org.openqa.selenium.chrome.ChromeDriver
Capabilities {acceptInsecureCerts: false, browserName: chrome, browserVersion: 107.0.5304.107, chrome: {chromedriverVersion: 107.0.5304.62 (1eec40d3a576..., userDataDir: C:\Users\thesi\AppData\Loca...}, goog:chromeOptions: {debuggerAddress: localhost:60706}, javascriptEnabled: true, networkConnectionEnabled: false, pageLoadStrategy: normal, platform: WINDOWS, platformName: WINDOWS, proxy: Proxy(), setWindowRect: true, strictFileInteractability: false, timeouts: {implicit: 0, pageLoad: 300000, script: 30000}, unhandledPromptBehavior: dismiss and notify, webauthn:extension:credBlob: true, webauthn:extension:largeBlob: true, webauthn:virtualAuthenticators: true}
Session ID: 982123b0406dde174c95a3969646388c
at org.openqa.selenium.remote.http.W3CHttpResponseCodec.createException(W3CHttpResponseCodec.java:187)
at org.openqa.selenium.remote.http.W3CHttpResponseCodec.decode(W3CHttpResponseCodec.java:122)
at org.openqa.selenium.remote.http.W3CHttpResponseCodec.decode(W3CHttpResponseCodec.java:49)
at org.openqa.selenium.remote.HttpCommandExecutor.execute(HttpCommandExecutor.java:158)
at org.openqa.selenium.remote.service.DriverCommandExecutor.execute(DriverCommandExecutor.java:83)
at org.openqa.selenium.remote.RemoteWebDriver.execute(RemoteWebDriver.java:552)
at org.openqa.selenium.remote.RemoteWebElement.execute(RemoteWebElement.java:285)
at org.openqa.selenium.remote.RemoteWebElement.click(RemoteWebElement.java:84)
at org.openqa.selenium.support.pagefactory.internal.LocatingElementHandler.invoke(LocatingElementHandler.java:51)
at jdk.proxy2/jdk.proxy2.$Proxy24.click(Unknown Source)
at com.epam.ta.page.AuthPage.clicklogo(AuthPage.java:34)
at com.epam.ta.test.LogoСlickabilityTests.Logofourth(LogoСlickabilityTests.java:40)
... Removed 38 stack frames]]>
    </failure>
  </testcase> <!-- Logofourth -->
  <testcase classname="com.epam.ta.test.LogoСlickabilityTests" name="Logosecond" time="16.057"/>
</testsuite> <!-- UserAccess -->
